0.6051
0.6045
0.5949
0.5999
0.5742
0.5820
0.5765
0.5725
0.5819
0.5711
0.6094
0.5695
0.6369
0.5937
0.5536
0.5429
0.5711
0.5878
0.6488
0.5490
0.5406
0.5292
0.5449
0.5379
0.5295
0.5726
0.5405
0.5504
0.5355
0.5096
0.5260
0.5396
0.5174
0.4882
0.4998
0.4766
0.4941
0.4919
0.4988
0.4687
0.4706
0.4522
0.4486
0.4603
0.4341
0.4389
0.4318
0.4410
0.4262
0.4214
0.4207
0.4222
0.3945
0.3958
0.3997
0.3681
0.3683
0.3694
0.3646
0.3779
0.3564
0.3532
0.3557
0.3524
0.3344
0.3339
0.3302
0.3575
0.3362
0.2998
0.3468
0.3227
0.3402
0.3339
0.3272
0.3485
0.3374
0.3476
0.3338
0.3247
0.3234
0.3465
0.3009
0.3202
0.3028
0.3470
0.3123
0.3117
0.3316
0.3108
0.3025
0.3143
0.3050
0.2931
0.2870
0.3057
0.2961
0.3096
0.2841
0.2966
0.3129
0.3019
0.3078
0.2861
0.3022
0.2970
0.2871
0.2708
0.2673
0.2868
0.3038
0.2848
0.2619
0.2923
0.2781
0.2913
0.3031
0.2804
0.2891
0.2901
0.2760
0.2662
0.2568
0.2717
0.2558
0.2856
0.2721
