1.3644
1.5912
1.3197
1.7795
1.4007
1.4751
1.6942
1.3099
1.8330
1.1694
1.4788
1.7116
1.2155
1.5754
1.5930
1.6159
1.8390
1.2236
1.0568
1.3163
1.4278
1.1446
1.5352
1.7118
1.3583
1.0923
1.3182
1.2438
1.4417
1.4487
1.3760
1.5661
1.2738
1.5051
1.1583
0.8442
1.2344
1.4837
1.4027
0.8181
1.2779
1.0889
1.2242
1.3612
1.0162
1.0321
1.2265
1.1784
1.0159
0.8952
0.9503
1.0834
1.1137
0.9907
1.3197
1.0434
1.1542
1.0649
1.2464
0.8220
1.0763
1.0562
0.4984
1.1291
0.9163
0.8497
0.9863
0.9411
0.3386
1.1360
0.7727
0.7791
0.9042
0.9747
0.9249
0.8770
0.9589
1.0578
1.2242
0.4997
0.9602
0.5160
0.9463
0.7783
0.8662
0.3909
0.9832
0.9687
1.0344
0.7350
0.8499
0.8527
0.6916
0.7471
0.5663
0.7630
0.7203
0.6174
0.8420
1.0780
0.9365
0.9017
0.7084
0.8920
0.5965
0.9515
0.8088
0.8760
1.0330
0.6375
0.5939
0.6598
0.8319
1.0265
0.5870
0.8617
0.8190
0.9258
0.7035
0.9049
1.0112
0.7714
0.7217
0.9461
0.7882
0.8737
0.7181
